{"contracts/Arbit.sol":{"l":{"50":3,"54":1,"55":1,"59":0,"74":3,"75":3,"76":3,"80":1,"92":0,"111":0,"114":0,"121":0,"122":0,"123":0,"124":0,"127":0,"128":0,"129":0,"130":0,"133":0,"136":0,"137":0,"138":0,"139":0,"142":0,"150":0,"159":0,"169":0,"172":0,"179":0,"180":0,"181":0,"182":0,"185":0,"186":0,"187":0,"188":0,"191":0,"194":0,"195":0,"196":0,"197":0,"200":0,"207":0,"216":0,"223":0,"224":0,"225":0,"226":0,"230":0,"231":0,"238":0,"244":0,"249":1,"254":0,"259":0},"path":"/home/sodium/Coding/hardhat/001/contracts/Arbit.sol","s":{"1":1,"2":0,"3":0,"4":0,"5":0,"6":0,"7":0,"8":0,"9":0,"10":0,"11":0,"12":0,"13":0,"14":0,"15":0,"16":0,"17":0,"18":0,"19":0,"20":0,"21":0,"22":0,"23":0,"24":0,"25":0,"26":0,"27":0,"28":0,"29":0,"30":0,"31":0,"32":1,"33":0,"34":0},"b":{"1":[1,0],"2":[0,0],"3":[1,0],"4":[0,0],"5":[0,0]},"f":{"1":3,"2":1,"3":0,"4":3,"5":1,"6":0,"7":0,"8":0,"9":0,"10":0,"11":0,"12":1,"13":0,"14":0},"fnMap":{"1":{"name":"constructor","line":49,"loc":{"start":{"line":49,"column":4},"end":{"line":51,"column":4}}},"2":{"name":"onlyOwner","line":53,"loc":{"start":{"line":53,"column":4},"end":{"line":56,"column":4}}},"3":{"name":"transferOwnership","line":58,"loc":{"start":{"line":58,"column":4},"end":{"line":60,"column":4}}},"4":{"name":"constructor","line":73,"loc":{"start":{"line":73,"column":4},"end":{"line":77,"column":4}}},"5":{"name":"transferOwnership","line":79,"loc":{"start":{"line":79,"column":4},"end":{"line":81,"column":4}}},"6":{"name":"permitWithDAI","line":84,"loc":{"start":{"line":84,"column":4},"end":{"line":102,"column":4}}},"7":{"name":"arbitrageSwapFromUniswap","line":105,"loc":{"start":{"line":105,"column":4},"end":{"line":160,"column":4}}},"8":{"name":"arbitrageSwapFromSushiswap","line":163,"loc":{"start":{"line":163,"column":4},"end":{"line":217,"column":4}}},"9":{"name":"getOut","line":220,"loc":{"start":{"line":220,"column":4},"end":{"line":232,"column":4}}},"10":{"name":"revivalTransfer","line":235,"loc":{"start":{"line":235,"column":4},"end":{"line":240,"column":4}}},"11":{"name":"returnAllowance","line":243,"loc":{"start":{"line":243,"column":4},"end":{"line":245,"column":4}}},"12":{"name":"returnOwner","line":248,"loc":{"start":{"line":248,"column":4},"end":{"line":250,"column":4}}},"13":{"name":"returnAmountOfDAI","line":253,"loc":{"start":{"line":253,"column":4},"end":{"line":255,"column":4}}},"14":{"name":"returnAmountOfWETH","line":258,"loc":{"start":{"line":258,"column":4},"end":{"line":260,"column":4}}}},"statementMap":{"1":{"start":{"line":54,"column":8},"end":{"line":54,"column":54}},"2":{"start":{"line":92,"column":8},"end":{"line":92,"column":2581}},"3":{"start":{"line":111,"column":8},"end":{"line":111,"column":77}},"4":{"start":{"line":114,"column":8},"end":{"line":114,"column":3110}},"5":{"start":{"line":121,"column":8},"end":{"line":121,"column":30}},"6":{"start":{"line":127,"column":8},"end":{"line":127,"column":30}},"7":{"start":{"line":133,"column":8},"end":{"line":133,"column":72}},"8":{"start":{"line":136,"column":8},"end":{"line":136,"column":58}},"9":{"start":{"line":137,"column":8},"end":{"line":137,"column":62}},"10":{"start":{"line":138,"column":8},"end":{"line":138,"column":66}},"11":{"start":{"line":139,"column":8},"end":{"line":139,"column":63}},"12":{"start":{"line":142,"column":8},"end":{"line":142,"column":4053}},"13":{"start":{"line":150,"column":8},"end":{"line":150,"column":4239}},"14":{"start":{"line":159,"column":8},"end":{"line":159,"column":83}},"15":{"start":{"line":169,"column":8},"end":{"line":169,"column":77}},"16":{"start":{"line":172,"column":8},"end":{"line":172,"column":4912}},"17":{"start":{"line":179,"column":8},"end":{"line":179,"column":30}},"18":{"start":{"line":185,"column":8},"end":{"line":185,"column":30}},"19":{"start":{"line":191,"column":8},"end":{"line":191,"column":77}},"20":{"start":{"line":194,"column":8},"end":{"line":194,"column":63}},"21":{"start":{"line":195,"column":8},"end":{"line":195,"column":67}},"22":{"start":{"line":196,"column":8},"end":{"line":196,"column":61}},"23":{"start":{"line":197,"column":8},"end":{"line":197,"column":58}},"24":{"start":{"line":200,"column":8},"end":{"line":200,"column":5868}},"25":{"start":{"line":207,"column":8},"end":{"line":207,"column":6058}},"26":{"start":{"line":216,"column":8},"end":{"line":216,"column":83}},"27":{"start":{"line":223,"column":8},"end":{"line":223,"column":29}},"28":{"start":{"line":230,"column":8},"end":{"line":230,"column":70}},"29":{"start":{"line":231,"column":8},"end":{"line":231,"column":24}},"30":{"start":{"line":238,"column":8},"end":{"line":238,"column":44}},"31":{"start":{"line":244,"column":8},"end":{"line":244,"column":50}},"32":{"start":{"line":249,"column":8},"end":{"line":249,"column":20}},"33":{"start":{"line":254,"column":8},"end":{"line":254,"column":50}},"34":{"start":{"line":259,"column":8},"end":{"line":259,"column":52}}},"branchMap":{"1":{"line":54,"type":"if","locations":[{"start":{"line":54,"column":8},"end":{"line":54,"column":8}},{"start":{"line":54,"column":8},"end":{"line":54,"column":8}}]},"2":{"line":58,"type":"if","locations":[{"start":{"line":58,"column":62},"end":{"line":58,"column":62}},{"start":{"line":58,"column":62},"end":{"line":58,"column":62}}]},"3":{"line":79,"type":"if","locations":[{"start":{"line":79,"column":63},"end":{"line":79,"column":63}},{"start":{"line":79,"column":63},"end":{"line":79,"column":63}}]},"4":{"line":111,"type":"if","locations":[{"start":{"line":111,"column":8},"end":{"line":111,"column":8}},{"start":{"line":111,"column":8},"end":{"line":111,"column":8}}]},"5":{"line":169,"type":"if","locations":[{"start":{"line":169,"column":8},"end":{"line":169,"column":8}},{"start":{"line":169,"column":8},"end":{"line":169,"column":8}}]}}}}