{
"contracts/Token.sol":{"l":{"11":2,"12":2,"13":2,"17":2},"path":"/home/sodium/Coding/hardhat/001/contracts/Token.sol","s":{"1":2,"2":2,"3":2},"b":{},"f":{"1":2,"2":2},"fnMap":{"1":{"name":"setNum","line":10,"loc":{"start":{"line":10,"column":4},"end":{"line":14,"column":4}}},"2":{"name":"getNum","line":16,"loc":{"start":{"line":16,"column":4},"end":{"line":18,"column":4}}}},"statementMap":{"1":{"start":{"line":11,"column":8},"end":{"line":11,"column":41}},"2":{"start":{"line":13,"column":8},"end":{"line":13,"column":42}},"3":{"start":{"line":17,"column":8},"end":{"line":17,"column":18}}},"branchMap":{}}}
