TN:
SF:/home/sodium/Coding/hardhat/001/contracts/Arbit.sol
FN:49,constructor
FN:53,onlyOwner
FN:58,transferOwnership
FN:73,constructor
FN:79,transferOwnership
FN:84,permitWithDAI
FN:105,arbitrageSwapFromUniswap
FN:163,arbitrageSwapFromSushiswap
FN:220,getOut
FN:235,revivalTransfer
FN:243,returnAllowance
FN:248,returnOwner
FN:253,returnAmountOfDAI
FN:258,returnAmountOfWETH
FNF:14
FNH:5
FNDA:3,constructor
FNDA:1,onlyOwner
FNDA:0,transferOwnership
FNDA:3,constructor
FNDA:1,transferOwnership
FNDA:0,permitWithDAI
FNDA:0,arbitrageSwapFromUniswap
FNDA:0,arbitrageSwapFromSushiswap
FNDA:0,getOut
FNDA:0,revivalTransfer
FNDA:0,returnAllowance
FNDA:1,returnOwner
FNDA:0,returnAmountOfDAI
FNDA:0,returnAmountOfWETH
DA:50,3
DA:54,1
DA:55,1
DA:59,0
DA:74,3
DA:75,3
DA:76,3
DA:80,1
DA:92,0
DA:111,0
DA:114,0
DA:121,0
DA:122,0
DA:123,0
DA:124,0
DA:127,0
DA:128,0
DA:129,0
DA:130,0
DA:133,0
DA:136,0
DA:137,0
DA:138,0
DA:139,0
DA:142,0
DA:150,0
DA:159,0
DA:169,0
DA:172,0
DA:179,0
DA:180,0
DA:181,0
DA:182,0
DA:185,0
DA:186,0
DA:187,0
DA:188,0
DA:191,0
DA:194,0
DA:195,0
DA:196,0
DA:197,0
DA:200,0
DA:207,0
DA:216,0
DA:223,0
DA:224,0
DA:225,0
DA:226,0
DA:230,0
DA:231,0
DA:238,0
DA:244,0
DA:249,1
DA:254,0
DA:259,0
LF:56
LH:8
BRDA:54,1,0,1
BRDA:54,1,1,0
BRDA:58,2,0,0
BRDA:58,2,1,0
BRDA:79,3,0,1
BRDA:79,3,1,0
BRDA:111,4,0,0
BRDA:111,4,1,0
BRDA:169,5,0,0
BRDA:169,5,1,0
BRF:10
BRH:2
end_of_record
